app/build/outputs/mapping/release/seeds.txt
com.example.sipappmerge.R$id: int mobileno
com.example.sipappmerge.R$id: int txtTitle
com.example.sipappmerge.R$id: int action_bar_root
com.example.sipappmerge.R$id: int imgLogout
com.example.sipappmerge.R$id: int tag_unhandled_key_listeners
com.example.sipappmerge.R$id: int chkmobile
com.example.sipappmerge.R$id: int action_image
com.example.sipappmerge.R$id: int fill_parent
com.example.sipappmerge.R$id: int hide
com.example.sipappmerge.R$id: int design_menu_item_text
com.example.sipappmerge.R$id: int clip_vertical
com.example.sipappmerge.Merge.ChangePassword
com.example.sipappmerge.R$id: int wrap_content
com.example.sipappmerge.Utils.ExpandableHeightGridView
com.example.sipappmerge.Merge.PredictiveCall: void onClick(android.view.View)
com.example.sipappmerge.R$id: int home
com.example.sipappmerge.R$id: int none
com.example.sipappmerge.R$id: int right_icon
com.example.sipappmerge.R$id: int button_divider
com.example.sipappmerge.R$id: int META
com.example.sipappmerge.R$id: int accessibility_custom_action_26
com.example.sipappmerge.R$id: int disposition
com.example.sipappmerge.R$id: int accessibility_custom_action_12
com.example.sipappmerge.R$id: int right_side
com.example.sipappmerge.Utils.UpdateService: UpdateService()
com.example.sipappmerge.R$id: int user_name
com.example.sipappmerge.R$id: int txtTime
com.example.sipappmerge.Merge.PredictiveCall: PredictiveCall()
com.example.sipappmerge.R$id: int expand_activities_button
com.example.sipappmerge.R$id: int txtName
com.example.sipappmerge.R$id: int process
com.example.sipappmerge.Merge.Ibreak
com.example.sipappmerge.R$id: int accessibility_custom_action_15
com.example.sipappmerge.R$id: int src_over
com.example.sipappmerge.R$id: int buttonPanel
com.example.sipappmerge.R$id: int comments
com.example.sipappmerge.Utils.ScheduledJobService: ScheduledJobService()
com.example.sipappmerge.R$id: int header
com.example.sipappmerge.R$id: int ivSpinnerImage
com.example.sipappmerge.R$id: int fixed
com.example.sipappmerge.R$id: int accessibility_custom_action_21
com.example.sipappmerge.R$id: int rlBar
com.example.sipappmerge.R$id: int constrainToggleContainer
com.example.sipappmerge.Utils.MyBackgroundService: MyBackgroundService()
com.example.sipappmerge.R$id: int spacer
com.example.sipappmerge.R$id: int txtOptions
com.example.sipappmerge.Merge.SplashActivity
com.example.sipappmerge.R$id: int action_menu_divider
com.example.sipappmerge.R$id: int guide2
com.example.sipappmerge.R$id: int webView
com.example.sipappmerge.R$id: int label
com.example.sipappmerge.R$id: int transition_position
com.example.sipappmerge.R$id: int up
com.example.sipappmerge.Merge.ProgressiveCall: ProgressiveCall()
com.example.sipappmerge.R$id: int accessibility_custom_action_3
com.example.sipappmerge.R$id: int accessibility_custom_action_7
com.example.sipappmerge.R$id: int src_atop
com.example.sipappmerge.Merge.CallDispo
com.example.sipappmerge.R$id: int disableHome
com.example.sipappmerge.R$id: int action_container
com.example.sipappmerge.R$id: int mobile_spinner
com.example.sipappmerge.R$id: int constrainLeft
com.example.sipappmerge.R$id: int login
com.example.sipappmerge.R$id: int showTitle
com.example.sipappmerge.R$id: int auto
com.example.sipappmerge.R$id: int search_edit_frame
com.example.sipappmerge.R$id: int guideOne
com.example.sipappmerge.R$id: int txt_value
com.example.sipappmerge.R$id: int SYM
com.example.sipappmerge.R$id: int button_negative_label
com.example.sipappmerge.R$id: int rlBack
com.example.sipappmerge.R$id: int title
com.example.sipappmerge.R$id: int sub_dispo_spinner
com.example.sipappmerge.R$id: int guide1
com.example.sipappmerge.R$id: int change_password
com.example.sipappmerge.Merge.VideoListActivity
com.example.sipappmerge.R$id: int center
com.example.sipappmerge.R$id: int list_item
com.example.sipappmerge.R$id: int left
com.example.sipappmerge.R$id: int spread_inside
com.example.sipappmerge.R$id: int search_close_btn
com.example.sipappmerge.R$id: int imgdatetime
...
android.support.v4.media.session.MediaSessionCompat$ResultReceiverWrapper: android.os.Parcelable$Creator CREATOR
androidx.appcompat.R$drawable: int abc_ic_menu_copy_mtrl_am_alpha
androidx.appcompat.R$drawable: int abc_edit_text_material
androidx.appcompat.R$style: int Base_Widget_AppCompat_Button_Small
androidx.appcompat.widget.AppCompatCheckBox: android.graphics.PorterDuff$Mode getSupportBackgroundTintMode()
androidx.appcompat.R$drawable: int btn_checkbox_checked_to_unchecked_mtrl_animation
com.google.android.gms.measurement.internal.AppMeasurementDynamiteService: void onActivityPaused(com.google.android.gms.dynamic.IObjectWrapper,long)
androidx.appcompat.R$styleable: int[] ButtonBarLayout
androidx.constraintlayout.widget.Guideline: Guideline(android.content.Context,android.util.AttributeSet,int,int)
com.anurag.multiselectionspinner.R$id: int title_template
com.google.android.material.R$style: int Base_Theme_AppCompat_Dialog_MinWidth
androidx.vectordrawable.graphics.drawable.VectorDrawableCompat$VGroup: float getTranslateY()
androidx.appcompat.R$id: int action_bar_root
com.google.android.material.R$attr: int contentInsetEnd
androidx.appcompat.R$attr: int actionBarTabTextStyle
com.google.android.material.R$styleable: int[] PopupWindow
com.google.android.material.R$style: int Base_Theme_AppCompat
androidx.appcompat.R$drawable: int abc_popup_background_mtrl_mult
androidx.appcompat.R$style: int Base_Theme_AppCompat_Light
com.google.android.material.R$styleable: int AppCompatTheme_actionModeSelectAllDrawable
com.google.android.material.R$style: int Widget_AppCompat_SeekBar_Discrete
com.google.android.material.R$styleable: int ActionMode_titleTextStyle
com.google.android.material.R$styleable: int AppCompatTheme_colorControlNormal
com.google.android.material.R$style: int Base_Widget_AppCompat_Light_ActionBar_TabText
androidx.appcompat.R$style: int Base_Theme_AppCompat_Light_Dialog_Alert
com.anurag.multiselectionspinner.R$id: int accessibility_custom_action_14
com.google.android.material.R$styleable: int Snackbar_snackbarStyle
androidx.appcompat.R$id: int tag_accessibility_clickable_spans
androidx.appcompat.R$drawable: int abc_text_select_handle_middle_mtrl_light
com.anurag.multiselectionspinner.R$drawable: int abc_ic_menu_overflow_material
com.google.android.material.R$styleable: int[] AppBarLayoutStates
androidx.appcompat.R$id: int progress_circular
androidx.appcompat.R$drawable: int notification_template_icon_bg
com.google.android.material.R$layout: int abc_action_mode_bar
com.google.android.material.circularreveal.cardview.CircularRevealCardView: void setRevealInfo(com.google.android.material.circularreveal.CircularRevealWidget$RevealInfo)
com.google.android.material.R$dimen: int mtrl_btn_padding_right
androidx.appcompat.widget.AppCompatImageButton: android.content.res.ColorStateList getSupportBackgroundTintList()
androidx.appcompat.R$attr: int drawableStartCompat
com.google.android.material.R$style: int Widget_Design_Snackbar
androidx.appcompat.R$style: int TextAppearance_AppCompat_Widget_ActionBar_Title
androidx.appcompat.resources.R$styleable: int StateListDrawable_android_visible
androidx.appcompat.R$attr: int searchIcon
com.google.android.material.R$styleable: int Chip_chipIconSize
androidx.appcompat.R$styleable: int TextAppearance_android_textColorHint
com.google.android.material.R$layout: int design_layout_tab_text
com.anurag.multiselectionspinner.R$layout: int notification_template_custom_big
androidx.appcompat.R$drawable: int abc_list_selector_holo_light
androidx.appcompat.R$styleable: int AppCompatTheme_panelMenuListTheme
androidx.constraintlayout.widget.R$styleable: int ConstraintSet_android_minWidth
androidx.appcompat.widget.ActionMenuView
com.google.android.material.R$styleable: int MaterialComponentsTheme_chipStyle
androidx.cardview.R$styleable: int CardView_cardPreventCornerOverlap
com.google.android.material.R$layout: int design_layout_tab_icon
com.google.android.material.R$dimen: int mtrl_snackbar_margin