app/build/outputs/mapping/release/usage.txt
com.example.sipappmerge.adapter.PredictiveCusAdapter$ViewHolder
com.example.sipappmerge.Backup.ProgressiveCallEx$15
com.example.sipappmerge.Merge.PredictiveCall:
    private com.example.sipappmerge.adapter.PredictiveCusAdapter adapter
    android.widget.LinearLayout BtnRefresh
    android.widget.LinearLayout mobilely
    boolean isShowingLogout
com.example.sipappmerge.R$styleable
com.example.sipappmerge.R$dimen
com.example.sipappmerge.Merge.ChatBot:
    android.webkit.WebView webview
com.example.sipappmerge.Backup.ProgressiveCallEx$14
com.example.sipappmerge.adapter.ChatAdapter$MyViewHolder:
    android.widget.TextView txtWPS
    android.widget.TextView txtRequest
    android.widget.TextView Eidt
    android.widget.TextView Delete
    android.widget.TextView txtBR
    android.widget.TextView txtBP
    android.widget.TextView txtAttachment
com.example.sipappmerge.BuildConfig
com.example.sipappmerge.Backup.ProgressiveCallEx$13
com.example.sipappmerge.adapter.VideoListAdapter:
    public static final synthetic void access$setContext$p(com.example.sipappmerge.adapter.VideoListAdapter,android.content.Context)
    public static final synthetic void access$setVideoList$p(com.example.sipappmerge.adapter.VideoListAdapter,java.util.List)
    public final com.example.sipappmerge.adapter.VideoListAdapter$OnVideoSelectListener getListener()
    public final void setListener(com.example.sipappmerge.adapter.VideoListAdapter$OnVideoSelectListener)
    public final void playVideo(int)
    public final void setOnStickerSelectListener(com.example.sipappmerge.adapter.VideoListAdapter$OnVideoSelectListener)
    private com.example.sipappmerge.adapter.VideoListAdapter$OnVideoSelectListener listener
com.example.sipappmerge.Backup.CallDispoEx
com.example.sipappmerge.Backup.CallDispoEx$10
com.example.sipappmerge.Backup.ProgressiveCallEx$12
com.example.sipappmerge.Utils.Connectivity
com.example.sipappmerge.Utils.ExceptionHandler
com.example.sipappmerge.R$xml
com.example.sipappmerge.Backup.ProgressiveCallEx$11
com.example.sipappmerge.R$integer
com.example.sipappmerge.Backup.ProgressiveCallEx$10
com.example.sipappmerge.Backup.CallDispoEx$12$1
com.example.sipappmerge.Merge.BaseActivity:
    private void requestPermission()
    private boolean checkPermission()
    public void stopRecording()
    static final java.lang.String TAG
com.example.sipappmerge.adapter.CallAdapterPreview$ViewHolder
com.example.sipappmerge.Merge.Login$6
com.example.sipappmerge.Backup.ProgressiveCallEx$22
com.example.sipappmerge.Utils.CallApi$SpeedTestTask$1
com.example.sipappmerge.R$color
com.example.sipappmerge.Merge.CallDispo:
    private void mail(java.lang.String)
    private java.util.HashMap DataHashMap
    com.example.sipappmerge.adapter.CallAdapterPreview adapter
    private static final int LOGOUT
com.example.sipappmerge.Backup.ProgressiveCallEx$21
com.example.sipappmerge.Merge.Login$5
com.example.sipappmerge.Merge.SplashActivity$1
com.example.sipappmerge.Backup.ProgressiveCallEx$20
com.example.sipappmerge.Merge.ProgressiveCall:
    private void mail(java.lang.String)
    com.example.sipappmerge.adapter.CallAdapterPreview adapter
    private static final int LOGOUT
com.example.sipappmerge.Backup.CallDispoEx$8
com.example.sipappmerge.Utils.ShaUtilss:
    public void <init>()
    public static java.lang.String byteToHex(byte[])
    private static final java.lang.String OUTPUT_FORMAT
com.example.sipappmerge.Utils.pioneer
com.example.sipappmerge.adapter.CallAdapterPreview
...
org.bouncycastle.crypto.tls.TlsSession
androidx.recyclerview.widget.LinearSmoothScroller
com.google.common.reflect.ImmutableTypeToInstanceMap$Builder
com.google.common.collect.MapMakerInternalMap$Strength
android.support.v4.media.session.MediaSessionCompat$ResultReceiverWrapper:
    public void <init>(android.os.ResultReceiver)
org.bouncycastle.jcajce.provider.symmetric.ARC4$Mappings
com.google.common.base.Predicates$AndPredicate
com.google.common.util.concurrent.UncheckedExecutionException
org.greenrobot.eventbus.ThreadMode
androidx.constraintlayout.solver.widgets.ResolutionAnchor:
    public void remove(androidx.constraintlayout.solver.widgets.ResolutionDimension)
    public static final int UNCONNECTED
    public static final int DIRECT_CONNECTION
    public static final int CENTER_CONNECTION
    public static final int MATCH_CONNECTION
    public static final int CHAIN_CONNECTION
    public static final int BARRIER_CONNECTION
com.google.android.material.bottomsheet.BottomSheetDialog$4
org.apache.commons.net.imap.IMAPClient$STATUS_DATA_ITEMS
org.bouncycastle.jce.provider.JCEECPublicKey
com.google.android.gms.auth.api.signin.GoogleSignInAccount:
    public static com.google.android.gms.auth.api.signin.GoogleSignInAccount createDefault()
    private final org.json.JSONObject zad()
    static final synthetic int zaa(com.google.android.gms.common.api.Scope,com.google.android.gms.common.api.Scope)
    public varargs com.google.android.gms.auth.api.signin.GoogleSignInAccount requestExtraScopes(com.google.android.gms.common.api.Scope[])
    public boolean isExpired()
    public final java.lang.String zab()
    public java.util.Set getGrantedScopes()
    public final java.lang.String zac()
org.bouncycastle.jcajce.provider.symmetric.SipHash$Mac48
org.bouncycastle.math.ec.custom.sec.SecT113R1Point
com.google.android.gms.common.internal.ResourceUtils
com.google.android.gms.common.images.ImageManager$OnImageLoadedListener
androidx.core.graphics.drawable.RoundedBitmapDrawableFactory$DefaultRoundedBitmapDrawable
kotlinx.android.extensions.CacheImplementation$Companion
com.google.common.collect.TreeRangeMap$SubRangeMap$1$1
androidx.recyclerview.widget.SimpleItemAnimator:
    public boolean getSupportsChangeAnimations()
    public void setSupportsChangeAnimations(boolean)
    private static final boolean DEBUG
    private static final java.lang.String TAG
org.bouncycastle.jcajce.provider.symmetric.Twofish$PBEWithSHA
org.bouncycastle.pqc.crypto.gmss.GMSSDigestProvider
androidx.core.app.JobIntentService$CommandProcessor
org.bouncycastle.jcajce.provider.digest.SHA3$KeyGenerator384
androidx.transition.Styleable$TransitionTarget
com.firebase.jobdispatcher.ValidationEnforcer:
    public java.util.List validate(com.firebase.jobdispatcher.JobTrigger)
    public java.util.List validate(com.firebase.jobdispatcher.RetryStrategy)
    public final boolean isValid(com.firebase.jobdispatcher.JobParameters)
    public final boolean isValid(com.firebase.jobdispatcher.JobTrigger)
    public final boolean isValid(com.firebase.jobdispatcher.RetryStrategy)
    public final void ensureValid(com.firebase.jobdispatcher.JobTrigger)
    public final void ensureValid(com.firebase.jobdispatcher.RetryStrategy)
org.bouncycastle.jcajce.provider.asymmetric.rsa.X931SignatureSpi$SHA512_224WithRSAEncryption
androidx.core.view.inputmethod.InputContentInfoCompat$InputContentInfoCompatImpl
com.google.android.material.internal.NavigationMenuPresenter$ViewHolder
com.bumptech.glide.R$styleable
androidx.annotation.AnimatorRes
androidx.versionedparcelable.ParcelField
com.google.common.cache.RemovalListeners$1
org.bouncycastle.jcajce.provider.keystore.pkcs12.PKCS12KeyStoreSpi$BCPKCS12KeyStore3DES
org.bouncycastle.jcajce.provider.asymmetric.ecgost.KeyPairGeneratorSpi
com.google.common.collect.Maps$NavigableKeySet
kotlin.internal.DynamicExtension